<?xml version="1.0" encoding="UTF-8"?>
<!-- Generated by org.testng.reporters.JUnitReportReporter -->
<testsuite hostname="SLW10340" name="com.testscripts.pageobjects.test.LoginPageTest" tests="1" failures="0" timestamp="9 Oct 2017 14:18:10 GMT" time="3.530" errors="0">
  <testcase name="testLogin" time="3.530" classname="com.testscripts.pageobjects.test.LoginPageTest"/>
</testsuite> <!-- com.testscripts.pageobjects.test.LoginPageTest -->
